#-----------------------------------------------------------
# Vivado v2017.4 (64-bit)
# SW Build 2086221 on Fri Dec 15 20:55:39 MST 2017
# IP Build 2085800 on Fri Dec 15 22:25:07 MST 2017
# Start of session at: Fri Jul  2 13:14:30 2021
# Process ID: 1548
# Current directory: C:/Users/guzy0/Desktop/dbg/dc/project_1
# Command line: vivado.exe -gui_launcher_event rodinguilauncherevent21876 C:\Users\guzy0\Desktop\dbg\dc\project_1\project_1.xpr
# Log file: C:/Users/guzy0/Desktop/dbg/dc/project_1/vivado.log
# Journal file: C:/Users/guzy0/Desktop/dbg/dc/project_1\vivado.jou
#-----------------------------------------------------------
start_gui
open_project C:/Users/guzy0/Desktop/dbg/dc/project_1/project_1.xpr
Scanning sources...
Finished scanning sources
INFO: [IP_Flow 19-234] Refreshing IP repositories
INFO: [IP_Flow 19-1700] Loaded user IP repository 'c:/Users/guzy0/Desktop/dbg/dc/74IP_2017_sysu'.
INFO: [IP_Flow 19-2313] Loaded Vivado IP repository 'D:/Xilinx/Vivado/2017.4/data/ip'.
open_project: Time (s): cpu = 00:00:12 ; elapsed = 00:00:21 . Memory (MB): peak = 787.195 ; gain = 120.922
update_compile_order -fileset sources_1
open_bd_design {C:/Users/guzy0/Desktop/dbg/dc/project_1/project_1.srcs/sources_1/bd/design_1/design_1.bd}
Adding cell -- xilinx.com:user:sysu_74LS283:1.0 - sysu_74LS283_0
Adding cell -- xilinx.com:user:sysu_74LS86:1.0 - sysu_74LS86_0
Adding cell -- sysu:user:sysu_74LS32:1.0 - sysu_74LS32_0
Adding cell -- sysu:user:sysu_74LS08:1.0 - sysu_74LS08_0
Adding cell -- sysu:user:sysu_74LS04:1.0 - sysu_74LS04_0
Adding cell -- xilinx.com:user:sysu_high_level:1.0 - sysu_high_level_0
Adding cell -- xilinx.com:user:sysu_low_level:1.0 - sysu_low_level_0
Successfully read diagram <design_1> from BD file <C:/Users/guzy0/Desktop/dbg/dc/project_1/project_1.srcs/sources_1/bd/design_1/design_1.bd>
open_bd_design: Time (s): cpu = 00:00:06 ; elapsed = 00:00:08 . Memory (MB): peak = 851.215 ; gain = 62.645
exit
INFO: [Common 17-206] Exiting Vivado at Fri Jul  2 13:47:13 2021...
