#-----------------------------------------------------------
# Vivado v2015.4 (64-bit)
# SW Build 1412921 on Wed Nov 18 09:43:45 MST 2015
# IP Build 1412160 on Tue Nov 17 13:47:24 MST 2015
# Start of session at: Tue Nov 05 21:10:00 2019
# Process ID: 11012
# Current directory: G:/project/addsub
# Command line: vivado.exe -gui_launcher_event rodinguilauncherevent12120 G:\project\addsub\addsub.xpr
# Log file: G:/project/addsub/vivado.log
# Journal file: G:/project/addsub\vivado.jou
#-----------------------------------------------------------
start_gui
open_project G:/project/addsub/addsub.xpr
Scanning sources...
Finished scanning sources
INFO: [IP_Flow 19-234] Refreshing IP repositories
INFO: [IP_Flow 19-1704] No user IP repositories specified
INFO: [IP_Flow 19-2313] Loaded Vivado IP repository 'C:/Xilinx/Vivado/2015.4/data/ip'.
INFO: [Common 17-41] Interrupt caught. Command should exit soon.
INFO: [Common 17-344] 'set_property' was cexit
INFO: [Common 17-206] Exiting Vivado at Tue Nov 05 21:11:47 2019...
 17-344] 'open_project' was cancelled
update_compile_order -fileset sources_1
update_compile_order -fileset sim_1
update_compile_order -fileset sources_1
update_compile_order -fileset sim_1
exit
INFO: [Common 17-206] Exiting Vivado at Tue Nov 05 21:10:46 2019...
