INFO: [VRFC 10-2263] Analyzing Verilog file "C:/Users/guzy0/pipeline/pipeline.srcs/sources_1/new/and_1bit.v" into library xil_defaultlib
INFO: [VRFC 10-311] analyzing module and_1bit
INFO: [VRFC 10-2263] Analyzing Verilog file "C:/Users/guzy0/pipeline/pipeline.srcs/sources_1/new/ALU.v" into library xil_defaultlib
INFO: [VRFC 10-311] analyzing module ALU
INFO: [VRFC 10-2263] Analyzing Verilog file "C:/Users/guzy0/pipeline/pipeline.srcs/sources_1/new/RegisterFiles.v" into library xil_defaultlib
INFO: [VRFC 10-311] analyzing module RegisterFiles
INFO: [VRFC 10-2263] Analyzing Verilog file "C:/Users/guzy0/pipeline/pipeline.srcs/sources_1/new/CtrlUnit.v" into library xil_defaultlib
INFO: [VRFC 10-311] analyzing module CtrlUnit
INFO: [VRFC 10-2263] Analyzing Verilog file "C:/Users/guzy0/pipeline/pipeline.srcs/sources_1/new/addr_32bits.v" into library xil_defaultlib
INFO: [VRFC 10-311] analyzing module adder_32bits
INFO: [VRFC 10-2263] Analyzing Verilog file "C:/Users/guzy0/pipeline/pipeline.srcs/sources_1/new/adder_if.v" into library xil_defaultlib
INFO: [VRFC 10-311] analyzing module adder_if
INFO: [VRFC 10-2263] Analyzing Verilog file "C:/Users/guzy0/pipeline/pipeline.srcs/sources_1/new/MEM.v" into library xil_defaultlib
INFO: [VRFC 10-311] analyzing module MEM
INFO: [VRFC 10-2263] Analyzing Verilog file "C:/Users/guzy0/pipeline/pipeline.srcs/sources_1/new/ID.v" into library xil_defaultlib
INFO: [VRFC 10-311] analyzing module ID
INFO: [VRFC 10-2263] Analyzing Verilog file "C:/Users/guzy0/pipeline/pipeline.srcs/sources_1/new/flipflop.v" into library xil_defaultlib
INFO: [VRFC 10-311] analyzing module flipflop
INFO: [VRFC 10-2263] Analyzing Verilog file "C:/Users/guzy0/pipeline/pipeline.srcs/sources_1/new/EX.v" into library xil_defaultlib
INFO: [VRFC 10-311] analyzing module EX
INFO: [VRFC 10-2263] Analyzing Verilog file "C:/Users/guzy0/pipeline/pipeline.srcs/sources_1/new/IF.v" into library xil_defaultlib
INFO: [VRFC 10-311] analyzing module IF
INFO: [VRFC 10-2263] Analyzing Verilog file "C:/Users/guzy0/pipeline/pipeline.srcs/sources_1/new/MipsPipelineCPU.v" into library xil_defaultlib
INFO: [VRFC 10-311] analyzing module MipsPipelineCPU
INFO: [VRFC 10-2458] undeclared symbol Branch_mem, assumed default net type wire [C:/Users/guzy0/pipeline/pipeline.srcs/sources_1/new/MipsPipelineCPU.v:221]
WARNING: [VRFC 10-756] identifier reg_data_wb is used before its declaration [C:/Users/guzy0/pipeline/pipeline.srcs/sources_1/new/MipsPipelineCPU.v:65]
INFO: [VRFC 10-2263] Analyzing Verilog file "C:/Users/guzy0/pipeline/pipeline.srcs/sim_1/new/sim.v" into library xil_defaultlib
INFO: [VRFC 10-311] analyzing module sim
INFO: [VRFC 10-2263] Analyzing Verilog file "C:/Users/guzy0/pipeline/pipeline.sim/sim_1/behav/glbl.v" into library xil_defaultlib
INFO: [VRFC 10-311] analyzing module glbl
INFO: [VRFC 10-163] Analyzing VHDL file "C:/Users/guzy0/pipeline/pipeline.ip_user_files/ipstatic/dist_mem_gen_v8_0_9/simulation/dist_mem_gen_v8_0.vhd" into library dist_mem_gen_v8_0_9
INFO: [VRFC 10-307] analyzing entity dist_mem_gen_v8_0_9
INFO: [VRFC 10-163] Analyzing VHDL file "C:/Users/guzy0/pipeline/pipeline.srcs/sources_1/ip/InstructionROM/sim/InstructionROM.vhd" into library xil_defaultlib
INFO: [VRFC 10-307] analyzing entity InstructionROM
INFO: [VRFC 10-163] Analyzing VHDL file "C:/Users/guzy0/pipeline/pipeline.ip_user_files/ipstatic/blk_mem_gen_v8_3_1/simulation/blk_mem_gen_v8_3.vhd" into library blk_mem_gen_v8_3_1
INFO: [VRFC 10-307] analyzing entity blk_mem_axi_regs_fwd_v8_3
INFO: [VRFC 10-307] analyzing entity blk_mem_axi_write_wrapper_beh
INFO: [VRFC 10-307] analyzing entity write_netlist
INFO: [VRFC 10-307] analyzing entity blk_mem_axi_read_wrapper_beh
INFO: [VRFC 10-307] analyzing entity read_netlist
INFO: [VRFC 10-307] analyzing entity blk_mem_gen_v8_3_1_output_stage
INFO: [VRFC 10-307] analyzing entity blk_mem_gen_v8_3_1_softecc_output_reg_stage
INFO: [VRFC 10-307] analyzing entity blk_mem_gen_v8_3_1_mem_module
INFO: [VRFC 10-307] analyzing entity blk_mem_gen_v8_3_1
INFO: [VRFC 10-307] analyzing entity beh_ff_clr
INFO: [VRFC 10-307] analyzing entity beh_ff_ce
INFO: [VRFC 10-307] analyzing entity beh_ff_pre
INFO: [VRFC 10-307] analyzing entity beh_muxf7
INFO: [VRFC 10-307] analyzing entity STATE_LOGIC
INFO: [VRFC 10-163] Analyzing VHDL file "C:/Users/guzy0/pipeline/pipeline.srcs/sources_1/ip/DataRAM/sim/DataRAM.vhd" into library xil_defaultlib
INFO: [VRFC 10-307] analyzing entity DataRAM
