Vivado Simulator 2015.4
Time resolution is 1 ps
Warning: This core is supplied with a behavioral model. To model cycle-accurate behavior you must run timing simulation.
Time: 0 ps  Iteration: 0  Process: /sim/uut/IF/InstructionROM/U0/p_warn_behavioural  File: C:/Users/guzy0/pipeline/pipeline.ip_user_files/ipstatic/dist_mem_gen_v8_0_9/simulation/dist_mem_gen_v8_0.vhd
Warning: blk_mem_gen_v8_3_1 WARNING: collision detected: A read address: 00000000, B write address: UUUUUUUU

Time: 10 ns  Iteration: 1  Process: /sim/uut/MEM/DataRAM/U0/native_mem_module/mem_module/async_coll/line__4203  File: C:/Users/guzy0/pipeline/pipeline.ip_user_files/ipstatic/blk_mem_gen_v8_3_1/simulation/blk_mem_gen_v8_3.vhd
Warning: blk_mem_gen_v8_3_1 WARNING: collision detected: A read address: 00000000, B write address: UUUUUUUU

Time: 20 ns  Iteration: 1  Process: /sim/uut/MEM/DataRAM/U0/native_mem_module/mem_module/async_coll/line__4203  File: C:/Users/guzy0/pipeline/pipeline.ip_user_files/ipstatic/blk_mem_gen_v8_3_1/simulation/blk_mem_gen_v8_3.vhd
Warning: blk_mem_gen_v8_3_1 WARNING: collision detected: A read address: 00000000, B write address: UUUUUUUU

Time: 30 ns  Iteration: 1  Process: /sim/uut/MEM/DataRAM/U0/native_mem_module/mem_module/async_coll/line__4203  File: C:/Users/guzy0/pipeline/pipeline.ip_user_files/ipstatic/blk_mem_gen_v8_3_1/simulation/blk_mem_gen_v8_3.vhd
Warning: blk_mem_gen_v8_3_1 WARNING: collision detected: A read address: 00000000, B write address: UUUUUUUU

Time: 40 ns  Iteration: 1  Process: /sim/uut/MEM/DataRAM/U0/native_mem_module/mem_module/async_coll/line__4203  File: C:/Users/guzy0/pipeline/pipeline.ip_user_files/ipstatic/blk_mem_gen_v8_3_1/simulation/blk_mem_gen_v8_3.vhd
Warning: blk_mem_gen_v8_3_1 WARNING: collision detected: A read address: 00000000, B write address: UUUUUUUU

Time: 50 ns  Iteration: 1  Process: /sim/uut/MEM/DataRAM/U0/native_mem_module/mem_module/async_coll/line__4203  File: C:/Users/guzy0/pipeline/pipeline.ip_user_files/ipstatic/blk_mem_gen_v8_3_1/simulation/blk_mem_gen_v8_3.vhd
Warning: blk_mem_gen_v8_3_1 WARNING: collision detected: A read address: 00000000, B write address: UUUUUUUU

Time: 60 ns  Iteration: 1  Process: /sim/uut/MEM/DataRAM/U0/native_mem_module/mem_module/async_coll/line__4203  File: C:/Users/guzy0/pipeline/pipeline.ip_user_files/ipstatic/blk_mem_gen_v8_3_1/simulation/blk_mem_gen_v8_3.vhd
Warning: blk_mem_gen_v8_3_1 WARNING: collision detected: A read address: 00000000, B write address: UUUUUUUU

Time: 90 ns  Iteration: 1  Process: /sim/uut/MEM/DataRAM/U0/native_mem_module/mem_module/async_coll/line__4203  File: C:/Users/guzy0/pipeline/pipeline.ip_user_files/ipstatic/blk_mem_gen_v8_3_1/simulation/blk_mem_gen_v8_3.vhd
Warning: blk_mem_gen_v8_3_1 WARNING: collision detected: A read address: 00000000, B write address: UUUUUUUU

Time: 100 ns  Iteration: 1  Process: /sim/uut/MEM/DataRAM/U0/native_mem_module/mem_module/async_coll/line__4203  File: C:/Users/guzy0/pipeline/pipeline.ip_user_files/ipstatic/blk_mem_gen_v8_3_1/simulation/blk_mem_gen_v8_3.vhd
Warning: blk_mem_gen_v8_3_1 WARNING: collision detected: A read address: 00000000, B write address: UUUUUUUU

Time: 110 ns  Iteration: 1  Process: /sim/uut/MEM/DataRAM/U0/native_mem_module/mem_module/async_coll/line__4203  File: C:/Users/guzy0/pipeline/pipeline.ip_user_files/ipstatic/blk_mem_gen_v8_3_1/simulation/blk_mem_gen_v8_3.vhd
Warning: blk_mem_gen_v8_3_1 WARNING: collision detected: A read address: 00000000, B write address: UUUUUUUU

Time: 120 ns  Iteration: 1  Process: /sim/uut/MEM/DataRAM/U0/native_mem_module/mem_module/async_coll/line__4203  File: C:/Users/guzy0/pipeline/pipeline.ip_user_files/ipstatic/blk_mem_gen_v8_3_1/simulation/blk_mem_gen_v8_3.vhd
Warning: blk_mem_gen_v8_3_1 WARNING: collision detected: A read address: 00000000, B write address: UUUUUUUU

Time: 130 ns  Iteration: 1  Process: /sim/uut/MEM/DataRAM/U0/native_mem_module/mem_module/async_coll/line__4203  File: C:/Users/guzy0/pipeline/pipeline.ip_user_files/ipstatic/blk_mem_gen_v8_3_1/simulation/blk_mem_gen_v8_3.vhd
Warning: blk_mem_gen_v8_3_1 WARNING: collision detected: A read address: 00000000, B write address: UUUUUUUU

Time: 140 ns  Iteration: 1  Process: /sim/uut/MEM/DataRAM/U0/native_mem_module/mem_module/async_coll/line__4203  File: C:/Users/guzy0/pipeline/pipeline.ip_user_files/ipstatic/blk_mem_gen_v8_3_1/simulation/blk_mem_gen_v8_3.vhd
Warning: blk_mem_gen_v8_3_1 WARNING: collision detected: A read address: 00000000, B write address: UUUUUUUU

Time: 150 ns  Iteration: 1  Process: /sim/uut/MEM/DataRAM/U0/native_mem_module/mem_module/async_coll/line__4203  File: C:/Users/guzy0/pipeline/pipeline.ip_user_files/ipstatic/blk_mem_gen_v8_3_1/simulation/blk_mem_gen_v8_3.vhd
Warning: blk_mem_gen_v8_3_1 WARNING: collision detected: A read address: 00000000, B write address: UUUUUUUU

Time: 160 ns  Iteration: 1  Process: /sim/uut/MEM/DataRAM/U0/native_mem_module/mem_module/async_coll/line__4203  File: C:/Users/guzy0/pipeline/pipeline.ip_user_files/ipstatic/blk_mem_gen_v8_3_1/simulation/blk_mem_gen_v8_3.vhd
Warning: blk_mem_gen_v8_3_1 WARNING: collision detected: A read address: 00000000, B write address: UUUUUUUU

Time: 170 ns  Iteration: 1  Process: /sim/uut/MEM/DataRAM/U0/native_mem_module/mem_module/async_coll/line__4203  File: C:/Users/guzy0/pipeline/pipeline.ip_user_files/ipstatic/blk_mem_gen_v8_3_1/simulation/blk_mem_gen_v8_3.vhd
Warning: blk_mem_gen_v8_3_1 WARNING: collision detected: A read address: 00000000, B write address: UUUUUUUU

Time: 180 ns  Iteration: 1  Process: /sim/uut/MEM/DataRAM/U0/native_mem_module/mem_module/async_coll/line__4203  File: C:/Users/guzy0/pipeline/pipeline.ip_user_files/ipstatic/blk_mem_gen_v8_3_1/simulation/blk_mem_gen_v8_3.vhd
Warning: blk_mem_gen_v8_3_1 WARNING: collision detected: A read address: 00000000, B write address: UUUUUUUU

Time: 190 ns  Iteration: 1  Process: /sim/uut/MEM/DataRAM/U0/native_mem_module/mem_module/async_coll/line__4203  File: C:/Users/guzy0/pipeline/pipeline.ip_user_files/ipstatic/blk_mem_gen_v8_3_1/simulation/blk_mem_gen_v8_3.vhd
Warning: blk_mem_gen_v8_3_1 WARNING: collision detected: A read address: 00000000, B write address: UUUUUUUU

Time: 200 ns  Iteration: 1  Process: /sim/uut/MEM/DataRAM/U0/native_mem_module/mem_module/async_coll/line__4203  File: C:/Users/guzy0/pipeline/pipeline.ip_user_files/ipstatic/blk_mem_gen_v8_3_1/simulation/blk_mem_gen_v8_3.vhd
Warning: blk_mem_gen_v8_3_1 WARNING: collision detected: A read address: 00000000, B write address: UUUUUUUU

Time: 210 ns  Iteration: 1  Process: /sim/uut/MEM/DataRAM/U0/native_mem_module/mem_module/async_coll/line__4203  File: C:/Users/guzy0/pipeline/pipeline.ip_user_files/ipstatic/blk_mem_gen_v8_3_1/simulation/blk_mem_gen_v8_3.vhd
Warning: blk_mem_gen_v8_3_1 WARNING: collision detected: A read address: 00000000, B write address: UUUUUUUU

Time: 220 ns  Iteration: 1  Process: /sim/uut/MEM/DataRAM/U0/native_mem_module/mem_module/async_coll/line__4203  File: C:/Users/guzy0/pipeline/pipeline.ip_user_files/ipstatic/blk_mem_gen_v8_3_1/simulation/blk_mem_gen_v8_3.vhd
Warning: blk_mem_gen_v8_3_1 WARNING: collision detected: A read address: 00000000, B write address: UUUUUUUU

Time: 230 ns  Iteration: 1  Process: /sim/uut/MEM/DataRAM/U0/native_mem_module/mem_module/async_coll/line__4203  File: C:/Users/guzy0/pipeline/pipeline.ip_user_files/ipstatic/blk_mem_gen_v8_3_1/simulation/blk_mem_gen_v8_3.vhd
Warning: blk_mem_gen_v8_3_1 WARNING: collision detected: A read address: 00000000, B write address: UUUUUUUU

Time: 240 ns  Iteration: 1  Process: /sim/uut/MEM/DataRAM/U0/native_mem_module/mem_module/async_coll/line__4203  File: C:/Users/guzy0/pipeline/pipeline.ip_user_files/ipstatic/blk_mem_gen_v8_3_1/simulation/blk_mem_gen_v8_3.vhd
Warning: blk_mem_gen_v8_3_1 WARNING: collision detected: A read address: 00000000, B write address: UUUUUUUU

Time: 250 ns  Iteration: 1  Process: /sim/uut/MEM/DataRAM/U0/native_mem_module/mem_module/async_coll/line__4203  File: C:/Users/guzy0/pipeline/pipeline.ip_user_files/ipstatic/blk_mem_gen_v8_3_1/simulation/blk_mem_gen_v8_3.vhd
Warning: blk_mem_gen_v8_3_1 WARNING: collision detected: A read address: 00000000, B write address: UUUUUUUU

Time: 260 ns  Iteration: 1  Process: /sim/uut/MEM/DataRAM/U0/native_mem_module/mem_module/async_coll/line__4203  File: C:/Users/guzy0/pipeline/pipeline.ip_user_files/ipstatic/blk_mem_gen_v8_3_1/simulation/blk_mem_gen_v8_3.vhd
Warning: blk_mem_gen_v8_3_1 WARNING: collision detected: A read address: 00000000, B write address: UUUUUUUU

Time: 270 ns  Iteration: 1  Process: /sim/uut/MEM/DataRAM/U0/native_mem_module/mem_module/async_coll/line__4203  File: C:/Users/guzy0/pipeline/pipeline.ip_user_files/ipstatic/blk_mem_gen_v8_3_1/simulation/blk_mem_gen_v8_3.vhd
Warning: blk_mem_gen_v8_3_1 WARNING: collision detected: A read address: 00000000, B write address: UUUUUUUU

Time: 280 ns  Iteration: 1  Process: /sim/uut/MEM/DataRAM/U0/native_mem_module/mem_module/async_coll/line__4203  File: C:/Users/guzy0/pipeline/pipeline.ip_user_files/ipstatic/blk_mem_gen_v8_3_1/simulation/blk_mem_gen_v8_3.vhd
Note: Block Memory Generator module is using a behavioral model FOR simulation which will not precisely model memory collision behavior.
Time: 290 ns  Iteration: 1  Process: /sim/uut/MEM/DataRAM/U0/native_mem_module/mem_module/line__3418  File: C:/Users/guzy0/pipeline/pipeline.ip_user_files/ipstatic/blk_mem_gen_v8_3_1/simulation/blk_mem_gen_v8_3.vhd
Warning: blk_mem_gen_v8_3_1 WARNING: collision detected: A read address: 00000000, B write address: UUUUUUUU

Time: 310 ns  Iteration: 1  Process: /sim/uut/MEM/DataRAM/U0/native_mem_module/mem_module/async_coll/line__4203  File: C:/Users/guzy0/pipeline/pipeline.ip_user_files/ipstatic/blk_mem_gen_v8_3_1/simulation/blk_mem_gen_v8_3.vhd
Warning: blk_mem_gen_v8_3_1 WARNING: collision detected: A read address: 00000000, B write address: UUUUUUUU

Time: 320 ns  Iteration: 1  Process: /sim/uut/MEM/DataRAM/U0/native_mem_module/mem_module/async_coll/line__4203  File: C:/Users/guzy0/pipeline/pipeline.ip_user_files/ipstatic/blk_mem_gen_v8_3_1/simulation/blk_mem_gen_v8_3.vhd
Warning: blk_mem_gen_v8_3_1 WARNING: collision detected: A read address: 00000000, B write address: UUUUUUUU

Time: 370 ns  Iteration: 1  Process: /sim/uut/MEM/DataRAM/U0/native_mem_module/mem_module/async_coll/line__4203  File: C:/Users/guzy0/pipeline/pipeline.ip_user_files/ipstatic/blk_mem_gen_v8_3_1/simulation/blk_mem_gen_v8_3.vhd
Warning: blk_mem_gen_v8_3_1 WARNING: collision detected: A read address: 00000000, B write address: UUUUUUUU

Time: 380 ns  Iteration: 1  Process: /sim/uut/MEM/DataRAM/U0/native_mem_module/mem_module/async_coll/line__4203  File: C:/Users/guzy0/pipeline/pipeline.ip_user_files/ipstatic/blk_mem_gen_v8_3_1/simulation/blk_mem_gen_v8_3.vhd
Warning: blk_mem_gen_v8_3_1 WARNING: collision detected: A read address: 00000000, B write address: UUUUUUUU

Time: 390 ns  Iteration: 1  Process: /sim/uut/MEM/DataRAM/U0/native_mem_module/mem_module/async_coll/line__4203  File: C:/Users/guzy0/pipeline/pipeline.ip_user_files/ipstatic/blk_mem_gen_v8_3_1/simulation/blk_mem_gen_v8_3.vhd
Warning: blk_mem_gen_v8_3_1 WARNING: collision detected: A read address: 00000000, B write address: UUUUUUUU

Time: 400 ns  Iteration: 1  Process: /sim/uut/MEM/DataRAM/U0/native_mem_module/mem_module/async_coll/line__4203  File: C:/Users/guzy0/pipeline/pipeline.ip_user_files/ipstatic/blk_mem_gen_v8_3_1/simulation/blk_mem_gen_v8_3.vhd
Warning: blk_mem_gen_v8_3_1 WARNING: collision detected: A read address: 00000000, B write address: UUUUUUUU

Time: 410 ns  Iteration: 1  Process: /sim/uut/MEM/DataRAM/U0/native_mem_module/mem_module/async_coll/line__4203  File: C:/Users/guzy0/pipeline/pipeline.ip_user_files/ipstatic/blk_mem_gen_v8_3_1/simulation/blk_mem_gen_v8_3.vhd
Warning: blk_mem_gen_v8_3_1 WARNING: collision detected: A read address: 00000000, B write address: UUUUUUUU

Time: 420 ns  Iteration: 1  Process: /sim/uut/MEM/DataRAM/U0/native_mem_module/mem_module/async_coll/line__4203  File: C:/Users/guzy0/pipeline/pipeline.ip_user_files/ipstatic/blk_mem_gen_v8_3_1/simulation/blk_mem_gen_v8_3.vhd
Warning: blk_mem_gen_v8_3_1 WARNING: collision detected: A read address: 00000000, B write address: UUUUUUUU

Time: 430 ns  Iteration: 1  Process: /sim/uut/MEM/DataRAM/U0/native_mem_module/mem_module/async_coll/line__4203  File: C:/Users/guzy0/pipeline/pipeline.ip_user_files/ipstatic/blk_mem_gen_v8_3_1/simulation/blk_mem_gen_v8_3.vhd
Warning: blk_mem_gen_v8_3_1 WARNING: collision detected: A read address: 00000000, B write address: UUUUUUUU

Time: 440 ns  Iteration: 1  Process: /sim/uut/MEM/DataRAM/U0/native_mem_module/mem_module/async_coll/line__4203  File: C:/Users/guzy0/pipeline/pipeline.ip_user_files/ipstatic/blk_mem_gen_v8_3_1/simulation/blk_mem_gen_v8_3.vhd
Warning: blk_mem_gen_v8_3_1 WARNING: collision detected: A read address: 00000000, B write address: UUUUUUUU

Time: 450 ns  Iteration: 1  Process: /sim/uut/MEM/DataRAM/U0/native_mem_module/mem_module/async_coll/line__4203  File: C:/Users/guzy0/pipeline/pipeline.ip_user_files/ipstatic/blk_mem_gen_v8_3_1/simulation/blk_mem_gen_v8_3.vhd
Warning: blk_mem_gen_v8_3_1 WARNING: collision detected: A read address: 00000000, B write address: UUUUUUUU

Time: 460 ns  Iteration: 1  Process: /sim/uut/MEM/DataRAM/U0/native_mem_module/mem_module/async_coll/line__4203  File: C:/Users/guzy0/pipeline/pipeline.ip_user_files/ipstatic/blk_mem_gen_v8_3_1/simulation/blk_mem_gen_v8_3.vhd
Warning: blk_mem_gen_v8_3_1 WARNING: collision detected: A read address: 00000000, B write address: UUUUUUUU

Time: 510 ns  Iteration: 1  Process: /sim/uut/MEM/DataRAM/U0/native_mem_module/mem_module/async_coll/line__4203  File: C:/Users/guzy0/pipeline/pipeline.ip_user_files/ipstatic/blk_mem_gen_v8_3_1/simulation/blk_mem_gen_v8_3.vhd
Warning: blk_mem_gen_v8_3_1 WARNING: collision detected: A read address: 00000000, B write address: UUUUUUUU

Time: 520 ns  Iteration: 1  Process: /sim/uut/MEM/DataRAM/U0/native_mem_module/mem_module/async_coll/line__4203  File: C:/Users/guzy0/pipeline/pipeline.ip_user_files/ipstatic/blk_mem_gen_v8_3_1/simulation/blk_mem_gen_v8_3.vhd
Warning: blk_mem_gen_v8_3_1 WARNING: collision detected: A read address: 00000000, B write address: UUUUUUUU

Time: 530 ns  Iteration: 1  Process: /sim/uut/MEM/DataRAM/U0/native_mem_module/mem_module/async_coll/line__4203  File: C:/Users/guzy0/pipeline/pipeline.ip_user_files/ipstatic/blk_mem_gen_v8_3_1/simulation/blk_mem_gen_v8_3.vhd
Warning: blk_mem_gen_v8_3_1 WARNING: collision detected: A read address: 00000000, B write address: UUUUUUUU

Time: 540 ns  Iteration: 1  Process: /sim/uut/MEM/DataRAM/U0/native_mem_module/mem_module/async_coll/line__4203  File: C:/Users/guzy0/pipeline/pipeline.ip_user_files/ipstatic/blk_mem_gen_v8_3_1/simulation/blk_mem_gen_v8_3.vhd
Warning: blk_mem_gen_v8_3_1 WARNING: collision detected: A read address: 00000000, B write address: UUUUUUUU

Time: 550 ns  Iteration: 1  Process: /sim/uut/MEM/DataRAM/U0/native_mem_module/mem_module/async_coll/line__4203  File: C:/Users/guzy0/pipeline/pipeline.ip_user_files/ipstatic/blk_mem_gen_v8_3_1/simulation/blk_mem_gen_v8_3.vhd
Warning: blk_mem_gen_v8_3_1 WARNING: collision detected: A read address: 00000000, B write address: UUUUUUUU

Time: 560 ns  Iteration: 1  Process: /sim/uut/MEM/DataRAM/U0/native_mem_module/mem_module/async_coll/line__4203  File: C:/Users/guzy0/pipeline/pipeline.ip_user_files/ipstatic/blk_mem_gen_v8_3_1/simulation/blk_mem_gen_v8_3.vhd
Warning: blk_mem_gen_v8_3_1 WARNING: collision detected: A read address: 00000000, B write address: UUUUUUUU

Time: 570 ns  Iteration: 1  Process: /sim/uut/MEM/DataRAM/U0/native_mem_module/mem_module/async_coll/line__4203  File: C:/Users/guzy0/pipeline/pipeline.ip_user_files/ipstatic/blk_mem_gen_v8_3_1/simulation/blk_mem_gen_v8_3.vhd
Warning: blk_mem_gen_v8_3_1 WARNING: collision detected: A read address: 00000000, B write address: UUUUUUUU

Time: 580 ns  Iteration: 1  Process: /sim/uut/MEM/DataRAM/U0/native_mem_module/mem_module/async_coll/line__4203  File: C:/Users/guzy0/pipeline/pipeline.ip_user_files/ipstatic/blk_mem_gen_v8_3_1/simulation/blk_mem_gen_v8_3.vhd
Warning: blk_mem_gen_v8_3_1 WARNING: collision detected: A read address: 00000000, B write address: UUUUUUUU

Time: 590 ns  Iteration: 1  Process: /sim/uut/MEM/DataRAM/U0/native_mem_module/mem_module/async_coll/line__4203  File: C:/Users/guzy0/pipeline/pipeline.ip_user_files/ipstatic/blk_mem_gen_v8_3_1/simulation/blk_mem_gen_v8_3.vhd
Warning: blk_mem_gen_v8_3_1 WARNING: collision detected: A read address: 00000000, B write address: UUUUUUUU

Time: 600 ns  Iteration: 1  Process: /sim/uut/MEM/DataRAM/U0/native_mem_module/mem_module/async_coll/line__4203  File: C:/Users/guzy0/pipeline/pipeline.ip_user_files/ipstatic/blk_mem_gen_v8_3_1/simulation/blk_mem_gen_v8_3.vhd
Warning: blk_mem_gen_v8_3_1 WARNING: collision detected: A read address: 00000000, B write address: UUUUUUUU

Time: 650 ns  Iteration: 1  Process: /sim/uut/MEM/DataRAM/U0/native_mem_module/mem_module/async_coll/line__4203  File: C:/Users/guzy0/pipeline/pipeline.ip_user_files/ipstatic/blk_mem_gen_v8_3_1/simulation/blk_mem_gen_v8_3.vhd
Warning: blk_mem_gen_v8_3_1 WARNING: collision detected: A read address: 00000000, B write address: UUUUUUUU

Time: 660 ns  Iteration: 1  Process: /sim/uut/MEM/DataRAM/U0/native_mem_module/mem_module/async_coll/line__4203  File: C:/Users/guzy0/pipeline/pipeline.ip_user_files/ipstatic/blk_mem_gen_v8_3_1/simulation/blk_mem_gen_v8_3.vhd
Warning: blk_mem_gen_v8_3_1 WARNING: collision detected: A read address: 00000000, B write address: UUUUUUUU

Time: 670 ns  Iteration: 1  Process: /sim/uut/MEM/DataRAM/U0/native_mem_module/mem_module/async_coll/line__4203  File: C:/Users/guzy0/pipeline/pipeline.ip_user_files/ipstatic/blk_mem_gen_v8_3_1/simulation/blk_mem_gen_v8_3.vhd
Warning: blk_mem_gen_v8_3_1 WARNING: collision detected: A read address: 00000000, B write address: UUUUUUUU

Time: 680 ns  Iteration: 1  Process: /sim/uut/MEM/DataRAM/U0/native_mem_module/mem_module/async_coll/line__4203  File: C:/Users/guzy0/pipeline/pipeline.ip_user_files/ipstatic/blk_mem_gen_v8_3_1/simulation/blk_mem_gen_v8_3.vhd
Warning: blk_mem_gen_v8_3_1 WARNING: collision detected: A read address: 00000000, B write address: UUUUUUUU

Time: 690 ns  Iteration: 1  Process: /sim/uut/MEM/DataRAM/U0/native_mem_module/mem_module/async_coll/line__4203  File: C:/Users/guzy0/pipeline/pipeline.ip_user_files/ipstatic/blk_mem_gen_v8_3_1/simulation/blk_mem_gen_v8_3.vhd
Warning: blk_mem_gen_v8_3_1 WARNING: collision detected: A read address: 00000000, B write address: UUUUUUUU

Time: 700 ns  Iteration: 1  Process: /sim/uut/MEM/DataRAM/U0/native_mem_module/mem_module/async_coll/line__4203  File: C:/Users/guzy0/pipeline/pipeline.ip_user_files/ipstatic/blk_mem_gen_v8_3_1/simulation/blk_mem_gen_v8_3.vhd
Warning: blk_mem_gen_v8_3_1 WARNING: collision detected: A read address: 00000000, B write address: UUUUUUUU

Time: 710 ns  Iteration: 1  Process: /sim/uut/MEM/DataRAM/U0/native_mem_module/mem_module/async_coll/line__4203  File: C:/Users/guzy0/pipeline/pipeline.ip_user_files/ipstatic/blk_mem_gen_v8_3_1/simulation/blk_mem_gen_v8_3.vhd
Warning: blk_mem_gen_v8_3_1 WARNING: collision detected: A read address: 00000000, B write address: UUUUUUUU

Time: 720 ns  Iteration: 1  Process: /sim/uut/MEM/DataRAM/U0/native_mem_module/mem_module/async_coll/line__4203  File: C:/Users/guzy0/pipeline/pipeline.ip_user_files/ipstatic/blk_mem_gen_v8_3_1/simulation/blk_mem_gen_v8_3.vhd
Warning: blk_mem_gen_v8_3_1 WARNING: collision detected: A read address: 00000000, B write address: UUUUUUUU

Time: 730 ns  Iteration: 1  Process: /sim/uut/MEM/DataRAM/U0/native_mem_module/mem_module/async_coll/line__4203  File: C:/Users/guzy0/pipeline/pipeline.ip_user_files/ipstatic/blk_mem_gen_v8_3_1/simulation/blk_mem_gen_v8_3.vhd
Warning: blk_mem_gen_v8_3_1 WARNING: collision detected: A read address: 00000000, B write address: UUUUUUUU

Time: 740 ns  Iteration: 1  Process: /sim/uut/MEM/DataRAM/U0/native_mem_module/mem_module/async_coll/line__4203  File: C:/Users/guzy0/pipeline/pipeline.ip_user_files/ipstatic/blk_mem_gen_v8_3_1/simulation/blk_mem_gen_v8_3.vhd
Warning: blk_mem_gen_v8_3_1 WARNING: collision detected: A read address: 00000000, B write address: UUUUUUUU

Time: 790 ns  Iteration: 1  Process: /sim/uut/MEM/DataRAM/U0/native_mem_module/mem_module/async_coll/line__4203  File: C:/Users/guzy0/pipeline/pipeline.ip_user_files/ipstatic/blk_mem_gen_v8_3_1/simulation/blk_mem_gen_v8_3.vhd
Warning: blk_mem_gen_v8_3_1 WARNING: collision detected: A read address: 00000000, B write address: UUUUUUUU

Time: 800 ns  Iteration: 1  Process: /sim/uut/MEM/DataRAM/U0/native_mem_module/mem_module/async_coll/line__4203  File: C:/Users/guzy0/pipeline/pipeline.ip_user_files/ipstatic/blk_mem_gen_v8_3_1/simulation/blk_mem_gen_v8_3.vhd
Warning: blk_mem_gen_v8_3_1 WARNING: collision detected: A read address: 00000000, B write address: UUUUUUUU

Time: 810 ns  Iteration: 1  Process: /sim/uut/MEM/DataRAM/U0/native_mem_module/mem_module/async_coll/line__4203  File: C:/Users/guzy0/pipeline/pipeline.ip_user_files/ipstatic/blk_mem_gen_v8_3_1/simulation/blk_mem_gen_v8_3.vhd
Warning: blk_mem_gen_v8_3_1 WARNING: collision detected: A read address: 00000000, B write address: UUUUUUUU

Time: 820 ns  Iteration: 1  Process: /sim/uut/MEM/DataRAM/U0/native_mem_module/mem_module/async_coll/line__4203  File: C:/Users/guzy0/pipeline/pipeline.ip_user_files/ipstatic/blk_mem_gen_v8_3_1/simulation/blk_mem_gen_v8_3.vhd
Warning: blk_mem_gen_v8_3_1 WARNING: collision detected: A read address: 00000000, B write address: UUUUUUUU

Time: 830 ns  Iteration: 1  Process: /sim/uut/MEM/DataRAM/U0/native_mem_module/mem_module/async_coll/line__4203  File: C:/Users/guzy0/pipeline/pipeline.ip_user_files/ipstatic/blk_mem_gen_v8_3_1/simulation/blk_mem_gen_v8_3.vhd
Warning: blk_mem_gen_v8_3_1 WARNING: collision detected: A read address: 00000000, B write address: UUUUUUUU

Time: 840 ns  Iteration: 1  Process: /sim/uut/MEM/DataRAM/U0/native_mem_module/mem_module/async_coll/line__4203  File: C:/Users/guzy0/pipeline/pipeline.ip_user_files/ipstatic/blk_mem_gen_v8_3_1/simulation/blk_mem_gen_v8_3.vhd
Warning: blk_mem_gen_v8_3_1 WARNING: collision detected: A read address: 00000000, B write address: UUUUUUUU

Time: 850 ns  Iteration: 1  Process: /sim/uut/MEM/DataRAM/U0/native_mem_module/mem_module/async_coll/line__4203  File: C:/Users/guzy0/pipeline/pipeline.ip_user_files/ipstatic/blk_mem_gen_v8_3_1/simulation/blk_mem_gen_v8_3.vhd
Warning: blk_mem_gen_v8_3_1 WARNING: collision detected: A read address: 00000000, B write address: UUUUUUUU

Time: 860 ns  Iteration: 1  Process: /sim/uut/MEM/DataRAM/U0/native_mem_module/mem_module/async_coll/line__4203  File: C:/Users/guzy0/pipeline/pipeline.ip_user_files/ipstatic/blk_mem_gen_v8_3_1/simulation/blk_mem_gen_v8_3.vhd
Warning: blk_mem_gen_v8_3_1 WARNING: collision detected: A read address: 00000000, B write address: UUUUUUUU

Time: 870 ns  Iteration: 1  Process: /sim/uut/MEM/DataRAM/U0/native_mem_module/mem_module/async_coll/line__4203  File: C:/Users/guzy0/pipeline/pipeline.ip_user_files/ipstatic/blk_mem_gen_v8_3_1/simulation/blk_mem_gen_v8_3.vhd
Warning: blk_mem_gen_v8_3_1 WARNING: collision detected: A read address: 00000000, B write address: UUUUUUUU

Time: 880 ns  Iteration: 1  Process: /sim/uut/MEM/DataRAM/U0/native_mem_module/mem_module/async_coll/line__4203  File: C:/Users/guzy0/pipeline/pipeline.ip_user_files/ipstatic/blk_mem_gen_v8_3_1/simulation/blk_mem_gen_v8_3.vhd
Warning: blk_mem_gen_v8_3_1 WARNING: collision detected: A read address: 00000000, B write address: UUUUUUUU

Time: 930 ns  Iteration: 1  Process: /sim/uut/MEM/DataRAM/U0/native_mem_module/mem_module/async_coll/line__4203  File: C:/Users/guzy0/pipeline/pipeline.ip_user_files/ipstatic/blk_mem_gen_v8_3_1/simulation/blk_mem_gen_v8_3.vhd
Warning: blk_mem_gen_v8_3_1 WARNING: collision detected: A read address: 00000000, B write address: UUUUUUUU

Time: 940 ns  Iteration: 1  Process: /sim/uut/MEM/DataRAM/U0/native_mem_module/mem_module/async_coll/line__4203  File: C:/Users/guzy0/pipeline/pipeline.ip_user_files/ipstatic/blk_mem_gen_v8_3_1/simulation/blk_mem_gen_v8_3.vhd
Warning: blk_mem_gen_v8_3_1 WARNING: collision detected: A read address: 00000000, B write address: UUUUUUUU

Time: 950 ns  Iteration: 1  Process: /sim/uut/MEM/DataRAM/U0/native_mem_module/mem_module/async_coll/line__4203  File: C:/Users/guzy0/pipeline/pipeline.ip_user_files/ipstatic/blk_mem_gen_v8_3_1/simulation/blk_mem_gen_v8_3.vhd
Warning: blk_mem_gen_v8_3_1 WARNING: collision detected: A read address: 00000000, B write address: UUUUUUUU

Time: 960 ns  Iteration: 1  Process: /sim/uut/MEM/DataRAM/U0/native_mem_module/mem_module/async_coll/line__4203  File: C:/Users/guzy0/pipeline/pipeline.ip_user_files/ipstatic/blk_mem_gen_v8_3_1/simulation/blk_mem_gen_v8_3.vhd
Warning: blk_mem_gen_v8_3_1 WARNING: collision detected: A read address: 00000000, B write address: UUUUUUUU

Time: 970 ns  Iteration: 1  Process: /sim/uut/MEM/DataRAM/U0/native_mem_module/mem_module/async_coll/line__4203  File: C:/Users/guzy0/pipeline/pipeline.ip_user_files/ipstatic/blk_mem_gen_v8_3_1/simulation/blk_mem_gen_v8_3.vhd
Warning: blk_mem_gen_v8_3_1 WARNING: collision detected: A read address: 00000000, B write address: UUUUUUUU

Time: 980 ns  Iteration: 1  Process: /sim/uut/MEM/DataRAM/U0/native_mem_module/mem_module/async_coll/line__4203  File: C:/Users/guzy0/pipeline/pipeline.ip_user_files/ipstatic/blk_mem_gen_v8_3_1/simulation/blk_mem_gen_v8_3.vhd
Warning: blk_mem_gen_v8_3_1 WARNING: collision detected: A read address: 00000000, B write address: UUUUUUUU

Time: 990 ns  Iteration: 1  Process: /sim/uut/MEM/DataRAM/U0/native_mem_module/mem_module/async_coll/line__4203  File: C:/Users/guzy0/pipeline/pipeline.ip_user_files/ipstatic/blk_mem_gen_v8_3_1/simulation/blk_mem_gen_v8_3.vhd
Warning: blk_mem_gen_v8_3_1 WARNING: collision detected: A read address: 00000000, B write address: UUUUUUUU

Time: 1 us  Iteration: 1  Process: /sim/uut/MEM/DataRAM/U0/native_mem_module/mem_module/async_coll/line__4203  File: C:/Users/guzy0/pipeline/pipeline.ip_user_files/ipstatic/blk_mem_gen_v8_3_1/simulation/blk_mem_gen_v8_3.vhd
