INFO: [VRFC 10-163] Analyzing VHDL file "C:/Users/guzy0/pipeline/pipeline.ip_user_files/ipstatic/dist_mem_gen_v8_0_9/simulation/dist_mem_gen_v8_0.vhd" into library dist_mem_gen_v8_0_9
INFO: [VRFC 10-307] analyzing entity dist_mem_gen_v8_0_9
INFO: [VRFC 10-163] Analyzing VHDL file "C:/Users/guzy0/pipeline/pipeline.srcs/sources_1/ip/InstructionROM/sim/InstructionROM.vhd" into library xil_defaultlib
INFO: [VRFC 10-307] analyzing entity InstructionROM
INFO: [VRFC 10-163] Analyzing VHDL file "C:/Users/guzy0/pipeline/pipeline.ip_user_files/ipstatic/blk_mem_gen_v8_3_1/simulation/blk_mem_gen_v8_3.vhd" into library blk_mem_gen_v8_3_1
INFO: [VRFC 10-307] analyzing entity blk_mem_axi_regs_fwd_v8_3
INFO: [VRFC 10-307] analyzing entity blk_mem_axi_write_wrapper_beh
INFO: [VRFC 10-307] analyzing entity write_netlist
INFO: [VRFC 10-307] analyzing entity blk_mem_axi_read_wrapper_beh
INFO: [VRFC 10-307] analyzing entity read_netlist
INFO: [VRFC 10-307] analyzing entity blk_mem_gen_v8_3_1_output_stage
INFO: [VRFC 10-307] analyzing entity blk_mem_gen_v8_3_1_softecc_output_reg_stage
INFO: [VRFC 10-307] analyzing entity blk_mem_gen_v8_3_1_mem_module
INFO: [VRFC 10-307] analyzing entity blk_mem_gen_v8_3_1
INFO: [VRFC 10-307] analyzing entity beh_ff_clr
INFO: [VRFC 10-307] analyzing entity beh_ff_ce
INFO: [VRFC 10-307] analyzing entity beh_ff_pre
INFO: [VRFC 10-307] analyzing entity beh_muxf7
INFO: [VRFC 10-307] analyzing entity STATE_LOGIC
INFO: [VRFC 10-163] Analyzing VHDL file "C:/Users/guzy0/pipeline/pipeline.srcs/sources_1/ip/DataRAM/sim/DataRAM.vhd" into library xil_defaultlib
INFO: [VRFC 10-307] analyzing entity DataRAM
