INFO: [VRFC 10-2263] Analyzing Verilog file "C:/Users/guzy0/pipeline/pipeline.srcs/sources_1/new/and_1bit.v" into library xil_defaultlib
INFO: [VRFC 10-311] analyzing module and_1bit
INFO: [VRFC 10-2263] Analyzing Verilog file "C:/Users/guzy0/pipeline/pipeline.srcs/sources_1/new/ALU.v" into library xil_defaultlib
INFO: [VRFC 10-311] analyzing module ALU
INFO: [VRFC 10-2263] Analyzing Verilog file "C:/Users/guzy0/pipeline/pipeline.srcs/sources_1/new/RegisterFiles.v" into library xil_defaultlib
INFO: [VRFC 10-311] analyzing module RegisterFiles
INFO: [VRFC 10-2263] Analyzing Verilog file "C:/Users/guzy0/pipeline/pipeline.srcs/sources_1/new/CtrlUnit.v" into library xil_defaultlib
INFO: [VRFC 10-311] analyzing module CtrlUnit
INFO: [VRFC 10-2263] Analyzing Verilog file "C:/Users/guzy0/pipeline/pipeline.srcs/sources_1/new/addr_32bits.v" into library xil_defaultlib
INFO: [VRFC 10-311] analyzing module adder_32bits
INFO: [VRFC 10-2263] Analyzing Verilog file "C:/Users/guzy0/pipeline/pipeline.srcs/sources_1/new/adder_if.v" into library xil_defaultlib
INFO: [VRFC 10-311] analyzing module adder_if
INFO: [VRFC 10-2263] Analyzing Verilog file "C:/Users/guzy0/pipeline/pipeline.srcs/sources_1/new/MEM.v" into library xil_defaultlib
INFO: [VRFC 10-311] analyzing module MEM
INFO: [VRFC 10-2263] Analyzing Verilog file "C:/Users/guzy0/pipeline/pipeline.srcs/sources_1/new/ID.v" into library xil_defaultlib
INFO: [VRFC 10-311] analyzing module ID
INFO: [VRFC 10-2263] Analyzing Verilog file "C:/Users/guzy0/pipeline/pipeline.srcs/sources_1/new/flipflop.v" into library xil_defaultlib
INFO: [VRFC 10-311] analyzing module flipflop
INFO: [VRFC 10-2263] Analyzing Verilog file "C:/Users/guzy0/pipeline/pipeline.srcs/sources_1/new/EX.v" into library xil_defaultlib
INFO: [VRFC 10-311] analyzing module EX
INFO: [VRFC 10-2263] Analyzing Verilog file "C:/Users/guzy0/pipeline/pipeline.srcs/sources_1/new/IF.v" into library xil_defaultlib
INFO: [VRFC 10-311] analyzing module IF
INFO: [VRFC 10-2263] Analyzing Verilog file "C:/Users/guzy0/pipeline/pipeline.srcs/sources_1/new/MipsPipelineCPU.v" into library xil_defaultlib
INFO: [VRFC 10-311] analyzing module MipsPipelineCPU
INFO: [VRFC 10-2458] undeclared symbol Branch_mem, assumed default net type wire [C:/Users/guzy0/pipeline/pipeline.srcs/sources_1/new/MipsPipelineCPU.v:221]
WARNING: [VRFC 10-756] identifier reg_data_wb is used before its declaration [C:/Users/guzy0/pipeline/pipeline.srcs/sources_1/new/MipsPipelineCPU.v:65]
INFO: [VRFC 10-2263] Analyzing Verilog file "C:/Users/guzy0/pipeline/pipeline.srcs/sim_1/new/sim.v" into library xil_defaultlib
INFO: [VRFC 10-311] analyzing module sim
INFO: [VRFC 10-2263] Analyzing Verilog file "C:/Users/guzy0/pipeline/pipeline.sim/sim_1/behav/glbl.v" into library xil_defaultlib
INFO: [VRFC 10-311] analyzing module glbl
