#-----------------------------------------------------------
# Vivado v2015.4 (64-bit)
# SW Build 1412921 on Wed Nov 18 09:43:45 MST 2015
# IP Build 1412160 on Tue Nov 17 13:47:24 MST 2015
# Start of session at: Wed Nov 06 15:54:30 2019
# Process ID: 14740
# Current directory: G:/project/add_8
# Command line: vivado.exe -gui_launcher_event rodinguilauncherevent8364 G:\project\add_8\add_8.xpr
# Log file: G:/project/add_8/vivado.log
# Journal file: G:/project/add_8\vivado.jou
#-----------------------------------------------------------
start_gui
open_project G:/project/add_8/add_8.xpr
Scanning sources...
Finished scanning sources
INFO: [IP_Flow 19-234] Refreshing IP repositories
INFO: [IP_Flow 19-1704] No user IP repositories specified
INFO: [IP_Flow 19-2313] Loaded Vivado IP repository 'C:/Xilinx/Vivado/2015.4/data/ip'.
open_project: Time (s): cpu = 00:00:28 ; elapsed = 00:00:22 . Memory (MB): peak = 742.336 ; gain = 175.723
exit
INFO: [Common 17-206] Exiting Vivado at Wed Nov 06 15:55:30 2019...
