#-----------------------------------------------------------
# Vivado v2015.4 (64-bit)
# SW Build 1412921 on Wed Nov 18 09:43:45 MST 2015
# IP Build 1412160 on Tue Nov 17 13:47:24 MST 2015
# Start of session at: Tue Nov 05 21:09:10 2019
# Process ID: 7080
# Current directory: G:/project/pri_carry
# Command line: vivado.exe -gui_launcher_event rodinguilauncherevent20188 G:\project\pri_carry\pri_carry.xpr
# Log file: G:/project/pri_carry/vivado.log
# Journal file: G:/project/pri_carry\vivado.jou
#-----------------------------------------------------------
start_gui
open_project G:/project/pri_carry/pri_carry.xpr
INFO: [Project 1-313] Project file moved from 'C:/Users/Administrator/Desktop/project/pri_carry' since last save.
Scanning sources...
Finished scanning sources
INFO: [Project 1-230] Project 'pri_carry.xpr' upgraded for this version of Vivado.
INFO: [IP_Flow 19-234] Refreshing IP repositories
INFO: [IP_Flow 19-1704] No user IP repositories specified
INFO: [IP_Flow 19-2313] Loaded Vivado IP repository 'C:/Xilinx/Vivado/2015.4/data/ip'.
open_project: Time (s): cpu = 00:00:15 ; elapsed = 00:00:17 . Memory (MB): peak = 838.906 ; gain = 176.746
exit
INFO: [Common 17-206] Exiting Vivado at Tue Nov 05 21:09:48 2019...
