Copyright 1986-2015 Xilinx, Inc. All Rights Reserved.
-----------------------------------------------------------------------------------------
| Tool Version      : Vivado v.2015.4 (win64) Build 1412921 Wed Nov 18 09:43:45 MST 2015
| Date              : Thu Dec 12 21:15:11 2019
| Host              : DESKTOP-7HN2EN2 running 64-bit major release  (build 9200)
| Command           : report_clock_utilization -file top_clock_utilization_routed.rpt
| Design            : top
| Device            : 7a35t-cpg236
| Speed File        : -1  PRODUCTION 1.14 2014-09-11
| Temperature Grade : C
-----------------------------------------------------------------------------------------

Clock Utilization Report

Table of Contents
-----------------
1. Clock Primitive Utilization
2. Details of Global Clocks
3. Details of Regional Clocks
4. Details of Multi-Regional Clocks
5. Details of I/O Clocks
6. Details of Local Clocks
7. Clock Regions : Key Resource Utilization
8. Net wise resources used in clock region X1Y0
9. Net wise resources used in clock region X0Y1
10. Net wise resources used in clock region X1Y1
11. Net wise resources used in clock region X0Y2
12. Net wise resources used in clock region X1Y2

1. Clock Primitive Utilization
------------------------------

+-------+------+-----------+-----------+
| Type  | Used | Available | Num Fixed |
+-------+------+-----------+-----------+
| BUFG  |    2 |        32 |         0 |
| BUFH  |    0 |        72 |         0 |
| BUFIO |    0 |        20 |         0 |
| MMCM  |    0 |         5 |         0 |
| PLL   |    0 |         5 |         0 |
| BUFR  |    0 |        20 |         0 |
| BUFMR |    0 |        10 |         0 |
+-------+------+-----------+-----------+


2. Details of Global Clocks
---------------------------

+-------+----------------------+-----------------+--------------+-------+
|       |                      |                 |   Num Loads  |       |
+-------+----------------------+-----------------+------+-------+-------+
| Index | BUFG Cell            | Net Name        | BELs | Sites | Fixed |
+-------+----------------------+-----------------+------+-------+-------+
|     1 | clk_IBUF_BUFG_inst   | clk_IBUF_BUFG   |   33 |     9 |    no |
|     2 | clkin_IBUF_BUFG_inst | clkin_IBUF_BUFG | 3147 |  1987 |    no |
+-------+----------------------+-----------------+------+-------+-------+


3. Details of Regional Clocks
-----------------------------

4. Details of Multi-Regional Clocks
-----------------------------------

5. Details of I/O Clocks
------------------------

6. Details of Local Clocks
--------------------------

+-------+----------------------------+--------------------------------+--------------+-------+
|       |                            |                                |   Num Loads  |       |
+-------+----------------------------+--------------------------------+------+-------+-------+
| Index | Local Clk Src              | Net Name                       | BELs | Sites | Fixed |
+-------+----------------------------+--------------------------------+------+-------+-------+
|     1 | imem/zero_reg_i_2          | imem/pc_reg[1]                 |    2 |     2 |    no |
|     2 | smg_ip_model/clk_400Hz_reg | smg_ip_model/clk_400Hz_reg_n_0 |    5 |     2 |    no |
|     3 | imem/flag_reg[1]_i_2       | imem/hi_reg[31]_60             |   20 |    13 |    no |
+-------+----------------------------+--------------------------------+------+-------+-------+


7. Clock Regions : Key Resource Utilization
-------------------------------------------

+-------------------+--------------+--------------+--------------+--------------+--------------+--------------+--------------+--------------+--------------+--------------+--------------+--------------+--------------+--------------+--------------+
|                   | Global Clock |     BUFRs    |    BUFMRs    |    BUFIOs    |     MMCM     |      PLL     |      GT      |      PCI     |    ILOGIC    |    OLOGIC    |      FF      |     LUTM     |    RAMB18    |    RAMB36    |    DSP48E1   |
+-------------------+------+-------+------+-------+------+-------+------+-------+------+-------+------+-------+------+-------+------+-------+------+-------+------+-------+------+-------+------+-------+------+-------+------+-------+------+-------+
| Clock Region Name | Used | Avail | Used | Avail | Used | Avail | Used | Avail | Used | Avail | Used | Avail | Used | Avail | Used | Avail | Used | Avail | Used | Avail | Used | Avail | Used | Avail | Used | Avail | Used | Avail | Used | Avail |
+-------------------+------+-------+------+-------+------+-------+------+-------+------+-------+------+-------+------+-------+------+-------+------+-------+------+-------+------+-------+------+-------+------+-------+------+-------+------+-------+
| X0Y0              |    0 |    12 |    0 |     4 |    0 |     2 |    0 |     4 |    0 |     1 |    0 |     1 |    0 |     0 |    0 |     0 |    0 |    50 |    0 |    50 |    0 |  9600 |    0 |  1600 |    0 |    20 |    0 |    10 |    0 |    20 |
| X1Y0              |    1 |    12 |    0 |     4 |    0 |     2 |    0 |     4 |    0 |     1 |    0 |     1 |    0 |     0 |    0 |     0 |    0 |    50 |    0 |    50 |   37 | 12000 |    0 |  1800 |    0 |    40 |    0 |    20 |    0 |    20 |
| X0Y1              |    1 |    12 |    0 |     4 |    0 |     2 |    0 |     4 |    0 |     1 |    0 |     1 |    0 |     0 |    0 |     0 |    0 |    50 |    0 |    50 |  390 |  9600 |    0 |  1600 |    0 |    20 |    0 |    10 |    0 |    20 |
| X1Y1              |    1 |    12 |    0 |     4 |    0 |     2 |    0 |     4 |    0 |     1 |    0 |     1 |    0 |     0 |    0 |     0 |    0 |    50 |    0 |    50 |  726 | 12000 |    0 |  1800 |    4 |    40 |    0 |    20 |    4 |    20 |
| X0Y2              |    1 |    12 |    0 |     4 |    0 |     2 |    0 |     4 |    0 |     1 |    0 |     1 |    0 |     0 |    0 |     0 |    0 |    50 |    0 |    50 | 1332 | 14400 |    0 |  1600 |    0 |    20 |    0 |    10 |    0 |    20 |
| X1Y2              |    1 |    12 |    0 |     0 |    0 |     0 |    0 |     0 |    0 |     0 |    0 |     0 |    0 |     5 |    0 |     1 |    0 |     0 |    0 |     0 |  717 |  7600 |    0 |  1200 |    0 |    10 |    0 |     5 |    0 |    20 |
+-------------------+------+-------+------+-------+------+-------+------+-------+------+-------+------+-------+------+-------+------+-------+------+-------+------+-------+------+-------+------+-------+------+-------+------+-------+------+-------+
* RAMB36 site can be used as two RAMB18/FIFO18 sites.


8. Net wise resources used in clock region X1Y0
-----------------------------------------------

+-------------+-------------+-------+-----------+----------+---------+-----------+---------+---------+-----+-------+----------+----------------+
| Source Type | BUFHCE Site | Fixed | MMCM Pins | PLL Pins | GT Pins | BRAM Pins | ILOGICs | OLOGICs | FFs | LUTMs | DSP48E1s | Clock Net Name |
+-------------+-------------+-------+-----------+----------+---------+-----------+---------+---------+-----+-------+----------+----------------+
| BUFG        | BUFHCE_X1Y8 |   no  |         0 |        0 |       0 |         0 |       0 |       0 |  33 |     0 |        0 | clk_IBUF_BUFG  |
+-------------+-------------+-------+-----------+----------+---------+-----------+---------+---------+-----+-------+----------+----------------+


9. Net wise resources used in clock region X0Y1
-----------------------------------------------

+-------------+--------------+-------+-----------+----------+---------+-----------+---------+---------+-----+-------+----------+-----------------+
| Source Type | BUFHCE Site  | Fixed | MMCM Pins | PLL Pins | GT Pins | BRAM Pins | ILOGICs | OLOGICs | FFs | LUTMs | DSP48E1s |  Clock Net Name |
+-------------+--------------+-------+-----------+----------+---------+-----------+---------+---------+-----+-------+----------+-----------------+
| BUFG        | BUFHCE_X0Y20 |   no  |         0 |        0 |       0 |         0 |       0 |       0 | 390 |     0 |        0 | clkin_IBUF_BUFG |
+-------------+--------------+-------+-----------+----------+---------+-----------+---------+---------+-----+-------+----------+-----------------+


10. Net wise resources used in clock region X1Y1
------------------------------------------------

+-------------+--------------+-------+-----------+----------+---------+-----------+---------+---------+-----+-------+----------+-----------------+
| Source Type | BUFHCE Site  | Fixed | MMCM Pins | PLL Pins | GT Pins | BRAM Pins | ILOGICs | OLOGICs | FFs | LUTMs | DSP48E1s |  Clock Net Name |
+-------------+--------------+-------+-----------+----------+---------+-----------+---------+---------+-----+-------+----------+-----------------+
| BUFG        | BUFHCE_X1Y20 |   no  |         0 |        0 |       0 |         8 |       0 |       0 | 722 |     0 |        0 | clkin_IBUF_BUFG |
+-------------+--------------+-------+-----------+----------+---------+-----------+---------+---------+-----+-------+----------+-----------------+


11. Net wise resources used in clock region X0Y2
------------------------------------------------

+-------------+--------------+-------+-----------+----------+---------+-----------+---------+---------+------+-------+----------+-----------------+
| Source Type | BUFHCE Site  | Fixed | MMCM Pins | PLL Pins | GT Pins | BRAM Pins | ILOGICs | OLOGICs |  FFs | LUTMs | DSP48E1s |  Clock Net Name |
+-------------+--------------+-------+-----------+----------+---------+-----------+---------+---------+------+-------+----------+-----------------+
| BUFG        | BUFHCE_X0Y32 |   no  |         0 |        0 |       0 |         0 |       0 |       0 | 1321 |     0 |        0 | clkin_IBUF_BUFG |
+-------------+--------------+-------+-----------+----------+---------+-----------+---------+---------+------+-------+----------+-----------------+


12. Net wise resources used in clock region X1Y2
------------------------------------------------

+-------------+--------------+-------+-----------+----------+---------+-----------+---------+---------+-----+-------+----------+-----------------+
| Source Type | BUFHCE Site  | Fixed | MMCM Pins | PLL Pins | GT Pins | BRAM Pins | ILOGICs | OLOGICs | FFs | LUTMs | DSP48E1s |  Clock Net Name |
+-------------+--------------+-------+-----------+----------+---------+-----------+---------+---------+-----+-------+----------+-----------------+
| BUFG        | BUFHCE_X1Y32 |   no  |         0 |        0 |       0 |         0 |       0 |       0 | 710 |     0 |        0 | clkin_IBUF_BUFG |
+-------------+--------------+-------+-----------+----------+---------+-----------+---------+---------+-----+-------+----------+-----------------+



# Location of BUFG Primitives 
set_property LOC BUFGCTRL_X0Y1 [get_cells clk_IBUF_BUFG_inst]
set_property LOC BUFGCTRL_X0Y0 [get_cells clkin_IBUF_BUFG_inst]

# Location of IO Clock Primitives

# Location of MMCM Clock Primitives

# Location of BUFH Clock Primitives

# Location of BUFR Clock Primitives

# Location of BUFMR Clock Primitives

# Location of PLL Clock Primitives

# Location of IO Primitives which is load of clock spine

# Location of clock ports
set_property LOC IOB_X1Y26 [get_ports clk]
set_property LOC IOB_X0Y11 [get_ports clkin]

# Clock net "clk_IBUF_BUFG" driven by instance "clk_IBUF_BUFG_inst" located at site "BUFGCTRL_X0Y1"
#startgroup
create_pblock {CLKAG_clk_IBUF_BUFG}
add_cells_to_pblock [get_pblocks  {CLKAG_clk_IBUF_BUFG}] [get_cells -filter { PRIMITIVE_GROUP != I/O && IS_PRIMITIVE==1 && PRIMITIVE_LEVEL !=INTERNAL } -of_object [get_pins -filter {DIRECTION==IN} -of_objects [get_nets -hierarchical -filter {PARENT=="clk_IBUF_BUFG"}]]]
resize_pblock [get_pblocks {CLKAG_clk_IBUF_BUFG}] -add {CLOCKREGION_X1Y0:CLOCKREGION_X1Y0}
#endgroup

# Clock net "clkin_IBUF_BUFG" driven by instance "clkin_IBUF_BUFG_inst" located at site "BUFGCTRL_X0Y0"
#startgroup
create_pblock {CLKAG_clkin_IBUF_BUFG}
add_cells_to_pblock [get_pblocks  {CLKAG_clkin_IBUF_BUFG}] [get_cells -filter { PRIMITIVE_GROUP != I/O && IS_PRIMITIVE==1 && PRIMITIVE_LEVEL !=INTERNAL } -of_object [get_pins -filter {DIRECTION==IN} -of_objects [get_nets -hierarchical -filter {PARENT=="clkin_IBUF_BUFG"}]]]
resize_pblock [get_pblocks {CLKAG_clkin_IBUF_BUFG}] -add {CLOCKREGION_X0Y1:CLOCKREGION_X0Y1 CLOCKREGION_X0Y2:CLOCKREGION_X0Y2 CLOCKREGION_X1Y1:CLOCKREGION_X1Y1 CLOCKREGION_X1Y2:CLOCKREGION_X1Y2}
#endgroup

# Clock net "imem/hi_reg[31]_60" driven by instance "imem/flag_reg[1]_i_2" located at site "SLICE_X32Y96"
#startgroup
create_pblock {CLKAG_imem/hi_reg[31]_60}
add_cells_to_pblock [get_pblocks  {CLKAG_imem/hi_reg[31]_60}] [get_cells -filter { PRIMITIVE_GROUP != I/O && IS_PRIMITIVE==1 && PRIMITIVE_LEVEL !=INTERNAL } -of_object [get_pins -filter {DIRECTION==IN} -of_objects [get_nets -hierarchical -filter {PARENT=="imem/hi_reg[31]_60"}]]]
resize_pblock [get_pblocks {CLKAG_imem/hi_reg[31]_60}] -add {CLOCKREGION_X0Y2:CLOCKREGION_X0Y2 CLOCKREGION_X1Y1:CLOCKREGION_X1Y1 CLOCKREGION_X1Y2:CLOCKREGION_X1Y2}
#endgroup

# Clock net "imem/pc_reg[1]" driven by instance "imem/zero_reg_i_2" located at site "SLICE_X58Y89"
#startgroup
create_pblock {CLKAG_imem/pc_reg[1]}
add_cells_to_pblock [get_pblocks  {CLKAG_imem/pc_reg[1]}] [get_cells -filter { PRIMITIVE_GROUP != I/O && IS_PRIMITIVE==1 && PRIMITIVE_LEVEL !=INTERNAL } -of_object [get_pins -filter {DIRECTION==IN} -of_objects [get_nets -hierarchical -filter {PARENT=="imem/pc_reg[1]"}]]]
resize_pblock [get_pblocks {CLKAG_imem/pc_reg[1]}] -add {CLOCKREGION_X1Y1:CLOCKREGION_X1Y1}
#endgroup

# Clock net "smg_ip_model/clk_400Hz_reg_n_0" driven by instance "smg_ip_model/clk_400Hz_reg" located at site "SLICE_X60Y39"
#startgroup
create_pblock {CLKAG_smg_ip_model/clk_400Hz_reg_n_0}
add_cells_to_pblock [get_pblocks  {CLKAG_smg_ip_model/clk_400Hz_reg_n_0}] [get_cells -filter { PRIMITIVE_GROUP != I/O && IS_PRIMITIVE==1 && PRIMITIVE_LEVEL !=INTERNAL } -of_object [get_pins -filter {DIRECTION==IN} -of_objects [get_nets -hierarchical -filter {PARENT=="smg_ip_model/clk_400Hz_reg_n_0"}]]]
resize_pblock [get_pblocks {CLKAG_smg_ip_model/clk_400Hz_reg_n_0}] -add {CLOCKREGION_X1Y0:CLOCKREGION_X1Y0}
#endgroup
